"../../../Fauna3/Content/StarterContent/Blueprints/Assets/FogBrightnessLUT.uasset" 0
"../../../Fauna3/Content/StarterContent/Blueprints/Assets/SunlightColorLUT.uasset" 1
"../../../Fauna3/Content/StarterContent/Blueprints/Assets/M_LightStage_Arrows.uasset" 2
"../../../Engine/Content/MapTemplates/Sky/DaylightAmbientCubemap.uasset" 3
"../../../Fauna3/Content/StarterContent/Blueprints/Assets/M_LightStage_Skybox_Master.uasset" 4
"../../../Fauna3/Content/StarterContent/Blueprints/Assets/M_LightStage_Skybox_Black.uasset" 5
"../../../Fauna3/Content/StarterContent/Blueprints/Assets/M_LightStage_Skybox_HDRI.uasset" 6
"../../../Engine/Content/EditorMaterials/Thumbnails/SkySphereMaterial.uasset" 7
"../../../Fauna3/Content/StarterContent/Blueprints/Assets/Skybox.uasset" 8
"../../../Engine/Content/Functions/Engine_MaterialFunctions01/Opacity/CameraDepthFade.uasset" 9
"../../../Engine/Content/EngineMaterials/T_Default_Material_Grid_M.uasset" 10
"../../../Engine/Content/EngineMaterials/T_Default_Material_Grid_N.uasset" 11
"../../../Engine/Content/EngineMaterials/WorldGridMaterial.uasset" 12
"../../../Fauna3/Content/StarterContent/Blueprints/Assets/SM_Arrows.uasset" 13
"../../../Fauna3/Content/StarterContent/HDRI/HDRI_Epic_Courtyard_Daylight.uasset" 14
"../../../Fauna3/Content/StarterContent/Blueprints/BP_LightStudio.uasset" 15
"../../../Fauna3/Content/StarterContent/Materials/M_AssetPlatform.uasset" 16
"../../../Engine/Content/EditorMeshes/ColorCalibrator/M_ChromeBall.uasset" 17
"../../../Engine/Content/EditorMeshes/ColorCalibrator/M_ClearCoat.uasset" 18
"../../../Engine/Content/EditorMeshes/ColorCalibrator/M_ClearCoatBlack.uasset" 19
"../../../Engine/Content/EditorMeshes/ColorCalibrator/T_ColorGrid.uasset" 20
"../../../Engine/Content/EditorMeshes/ColorCalibrator/M_ColorGrid.uasset" 21
"../../../Engine/Content/EditorMeshes/ColorCalibrator/M_GreyBall.uasset" 22
"../../../Engine/Content/EditorMeshes/ColorCalibrator/SM_ColorCalibrator.uasset" 23
"../../../Fauna3/Content/StarterContent/Architecture/SM_AssetPlatform.uasset" 24
"../../../Fauna3/Content/StarterContent/Maps/Advanced_Lighting.umap" 25
"../../../Fauna3/Content/StarterContent/Audio/Fire01.uasset" 26
"../../../Fauna3/Content/StarterContent/Audio/Fire01_Cue.uasset" 27
"../../../Fauna3/Content/StarterContent/Textures/T_Fire_SubUV.uasset" 28
"../../../Fauna3/Content/StarterContent/Textures/T_Fire_Tiled_D.uasset" 29
"../../../Fauna3/Content/StarterContent/Particles/Materials/M_Fire_SubUV.uasset" 30
"../../../Fauna3/Content/StarterContent/Textures/T_Water_N.uasset" 31
"../../../Fauna3/Content/StarterContent/Particles/Materials/M_Heat_Distortion.uasset" 32
"../../../Engine/Content/Functions/Engine_MaterialFunctions01/Gradient/RadialGradient.uasset" 33
"../../../Fauna3/Content/StarterContent/Particles/Materials/M_Radial_Gradient.uasset" 34
"../../../Fauna3/Content/StarterContent/Textures/T_Smoke_SubUV.uasset" 35
"../../../Fauna3/Content/StarterContent/Textures/T_Smoke_Tiled_D.uasset" 36
"../../../Fauna3/Content/StarterContent/Particles/Materials/M_smoke_subUV.uasset" 37
"../../../Fauna3/Content/StarterContent/Particles/P_Fire.uasset" 38
"../../../Fauna3/Content/StarterContent/Blueprints/Blueprint_Effect_Fire.uasset" 39
"../../../Fauna3/Content/StarterContent/Audio/Smoke01.uasset" 40
"../../../Fauna3/Content/StarterContent/Audio/Smoke01_Cue.uasset" 41
"../../../Fauna3/Content/StarterContent/Particles/P_Smoke.uasset" 42
"../../../Fauna3/Content/StarterContent/Blueprints/Blueprint_Effect_Smoke.uasset" 43
"../../../Fauna3/Content/StarterContent/Audio/Fire_Sparks01.uasset" 44
"../../../Fauna3/Content/StarterContent/Audio/Fire_Sparks01_Cue.uasset" 45
"../../../Fauna3/Content/StarterContent/Textures/T_Spark_Core.uasset" 46
"../../../Fauna3/Content/StarterContent/Particles/Materials/M_Spark.uasset" 47
"../../../Fauna3/Content/StarterContent/Particles/P_Sparks.uasset" 48
"../../../Fauna3/Content/StarterContent/Blueprints/Blueprint_Effect_Sparks.uasset" 49
"../../../Fauna3/Content/StarterContent/Audio/Steam01.uasset" 50
"../../../Fauna3/Content/StarterContent/Audio/Steam01_Cue.uasset" 51
"../../../Fauna3/Content/StarterContent/Particles/P_Steam_Lit.uasset" 52
"../../../Fauna3/Content/StarterContent/Blueprints/Blueprint_Effect_Steam.uasset" 53
"../../../Engine/Content/EditorBlueprintResources/StandardMacros.uasset" 54
"../../../Engine/Content/EngineSky/C_Sky_Cloud_Color.uasset" 55
"../../../Engine/Content/EngineSky/C_Sky_Horizon_Color.uasset" 56
"../../../Engine/Content/EngineSky/C_Sky_Zenith_Color.uasset" 57
"../../../Engine/Content/EngineSky/T_Sky_Blue.uasset" 58
"../../../Engine/Content/EngineSky/T_Sky_Clouds_M.uasset" 59
"../../../Engine/Content/EngineSky/T_Sky_Stars.uasset" 60
"../../../Engine/Content/EngineSky/SM_SkySphere.uasset" 61
"../../../Engine/Content/EngineSky/M_Sky_Panning_Clouds2.uasset" 62
"../../../Engine/Content/EngineSky/BP_Sky_Sphere.uasset" 63
"../../../Fauna3/Content/StarterContent/Textures/T_Lamp_M.uasset" 64
"../../../Fauna3/Content/StarterContent/Textures/T_Lamp_N.uasset" 65
"../../../Fauna3/Content/StarterContent/Props/Materials/M_Lamp.uasset" 66
"../../../Fauna3/Content/StarterContent/Props/SM_Lamp_Ceiling.uasset" 67
"../../../Fauna3/Content/StarterContent/Blueprints/Blueprint_CeilingLight.uasset" 68
"../../../Fauna3/Content/StarterContent/Props/SM_Lamp_Wall.uasset" 69
"../../../Fauna3/Content/StarterContent/Blueprints/Blueprint_WallSconce.uasset" 70
"../../../Engine/Content/EngineFonts/RobotoDistanceField.uasset" 71
"../../../Engine/Content/Functions/Engine_MaterialFunctions03/Procedurals/ComputeFilterWidth.uasset" 72
"../../../Engine/Content/EngineMaterials/AntiAliasedTextMaterialTranslucent.uasset" 73
"../../../Fauna3/Content/StarterContent/Textures/T_Brick_Clay_Beveled_D.uasset" 74
"../../../Fauna3/Content/StarterContent/Textures/T_Brick_Clay_Beveled_M.uasset" 75
"../../../Fauna3/Content/StarterContent/Textures/T_Brick_Clay_Beveled_N.uasset" 76
"../../../Fauna3/Content/StarterContent/Textures/T_MacroVariation.uasset" 77
"../../../Fauna3/Content/StarterContent/Materials/M_Brick_Clay_Beveled.uasset" 78
"../../../Fauna3/Content/StarterContent/Textures/T_Brick_Clay_New_D.uasset" 79
"../../../Fauna3/Content/StarterContent/Textures/T_Brick_Clay_New_M.uasset" 80
"../../../Fauna3/Content/StarterContent/Textures/T_Brick_Clay_New_N.uasset" 81
"../../../Fauna3/Content/StarterContent/Textures/T_Detail_Rocky_N.uasset" 82
"../../../Fauna3/Content/StarterContent/Materials/M_Brick_Clay_New.uasset" 83
"../../../Fauna3/Content/StarterContent/Textures/T_Brick_Clay_Old_D.uasset" 84
"../../../Fauna3/Content/StarterContent/Textures/T_Brick_Clay_Old_N.uasset" 85
"../../../Fauna3/Content/StarterContent/Textures/T_Perlin_Noise_M.uasset" 86
"../../../Fauna3/Content/StarterContent/Materials/M_Brick_Clay_Old.uasset" 87
"../../../Fauna3/Content/StarterContent/Textures/T_Brick_Cut_Stone_D.uasset" 88
"../../../Fauna3/Content/StarterContent/Textures/T_Brick_Cut_Stone_N.uasset" 89
"../../../Fauna3/Content/StarterContent/Materials/M_Brick_Cut_Stone.uasset" 90
"../../../Fauna3/Content/StarterContent/Textures/T_Brick_Hewn_Stone_D.uasset" 91
"../../../Fauna3/Content/StarterContent/Textures/T_Brick_Hewn_Stone_M.uasset" 92
"../../../Fauna3/Content/StarterContent/Textures/T_Brick_Hewn_Stone_N.uasset" 93
"../../../Fauna3/Content/StarterContent/Materials/M_Brick_Hewn_Stone.uasset" 94
"../../../Fauna3/Content/StarterContent/Textures/T_Ceramic_Tile_M.uasset" 95
"../../../Fauna3/Content/StarterContent/Textures/T_Ceramic_Tile_N.uasset" 96
"../../../Fauna3/Content/StarterContent/Textures/T_Rock_Marble_Polished_D.uasset" 97
"../../../Fauna3/Content/StarterContent/Materials/M_Ceramic_Tile_Checker.uasset" 98
"../../../Fauna3/Content/StarterContent/Textures/T_CobbleStone_Pebble_D.uasset" 99
"../../../Fauna3/Content/StarterContent/Textures/T_CobbleStone_Pebble_M.uasset" 100
"../../../Fauna3/Content/StarterContent/Textures/T_CobbleStone_Pebble_N.uasset" 101
"../../../Fauna3/Content/StarterContent/Materials/M_CobbleStone_Pebble.uasset" 102
"../../../Fauna3/Content/StarterContent/Textures/T_CobbleStone_Rough_D.uasset" 103
"../../../Fauna3/Content/StarterContent/Textures/T_CobbleStone_Rough_N.uasset" 104
"../../../Fauna3/Content/StarterContent/Textures/T_Gradinet_01.uasset" 105
"../../../Fauna3/Content/StarterContent/Textures/T_Rock_Smooth_Granite_D.uasset" 106
"../../../Fauna3/Content/StarterContent/Materials/M_CobbleStone_Rough.uasset" 107
"../../../Fauna3/Content/StarterContent/Textures/T_CobbleStone_Smooth_D.uasset" 108
"../../../Fauna3/Content/StarterContent/Textures/T_CobbleStone_Smooth_M.uasset" 109
"../../../Fauna3/Content/StarterContent/Textures/T_CobbleStone_Smooth_N.uasset" 110
"../../../Fauna3/Content/StarterContent/Materials/M_CobbleStone_Smooth.uasset" 111
"../../../Fauna3/Content/StarterContent/Textures/T_Concrete_Grime_D.uasset" 112
"../../../Fauna3/Content/StarterContent/Textures/T_Metal_Rust_N.uasset" 113
"../../../Fauna3/Content/StarterContent/Materials/M_Concrete_Grime.uasset" 114
"../../../Fauna3/Content/StarterContent/Textures/T_Concrete_Panels_D.uasset" 115
"../../../Fauna3/Content/StarterContent/Textures/T_Concrete_Panels_N.uasset" 116
"../../../Fauna3/Content/StarterContent/Materials/M_Concrete_Panels.uasset" 117
"../../../Fauna3/Content/StarterContent/Textures/T_Concrete_Poured_D.uasset" 118
"../../../Fauna3/Content/StarterContent/Textures/T_Concrete_Poured_N.uasset" 119
"../../../Fauna3/Content/StarterContent/Materials/M_Concrete_Poured.uasset" 120
"../../../Fauna3/Content/StarterContent/Textures/T_Concrete_Tiles_D.uasset" 121
"../../../Fauna3/Content/StarterContent/Textures/T_Concrete_Tiles_M.uasset" 122
"../../../Fauna3/Content/StarterContent/Textures/T_Concrete_Tiles_N.uasset" 123
"../../../Fauna3/Content/StarterContent/Textures/T_Concrete_Tiles_Variation_M.uasset" 124
"../../../Fauna3/Content/StarterContent/Materials/M_Concrete_Tiles.uasset" 125
"../../../Fauna3/Content/StarterContent/Textures/T_Ground_Grass_D.uasset" 126
"../../../Fauna3/Content/StarterContent/Textures/T_Ground_Grass_N.uasset" 127
"../../../Fauna3/Content/StarterContent/Materials/M_Ground_Grass.uasset" 128
"../../../Fauna3/Content/StarterContent/Textures/T_Ground_Gravel_D.uasset" 129
"../../../Fauna3/Content/StarterContent/Textures/T_Ground_Gravel_N.uasset" 130
"../../../Fauna3/Content/StarterContent/Materials/M_Ground_Gravel.uasset" 131
"../../../Fauna3/Content/StarterContent/Textures/T_ground_Moss_D.uasset" 132
"../../../Fauna3/Content/StarterContent/Textures/T_Ground_Moss_N.uasset" 133
"../../../Fauna3/Content/StarterContent/Materials/M_Ground_Moss.uasset" 134
"../../../Fauna3/Content/StarterContent/Materials/M_Metal_Brushed_Nickel.uasset" 135
"../../../Fauna3/Content/StarterContent/Textures/T_Metal_Aluminum_D.uasset" 136
"../../../Fauna3/Content/StarterContent/Textures/T_Metal_Gold_N.uasset" 137
"../../../Fauna3/Content/StarterContent/Materials/M_Metal_Burnished_Steel.uasset" 138
"../../../Fauna3/Content/StarterContent/Materials/M_Metal_Chrome.uasset" 139
"../../../Fauna3/Content/StarterContent/Textures/T_Metal_Copper_D.uasset" 140
"../../../Fauna3/Content/StarterContent/Materials/M_Metal_Copper.uasset" 141
"../../../Fauna3/Content/StarterContent/Textures/T_Metal_Gold_D.uasset" 142
"../../../Fauna3/Content/StarterContent/Materials/M_Metal_Gold.uasset" 143
"../../../Engine/Content/Functions/Engine_MaterialFunctions02/Utility/BlendAngleCorrectedNormals.uasset" 144
"../../../Fauna3/Content/StarterContent/Textures/T_Metal_Rust_D.uasset" 145
"../../../Fauna3/Content/StarterContent/Materials/M_Metal_Rust.uasset" 146
"../../../Fauna3/Content/StarterContent/Textures/T_Metal_Steel_D.uasset" 147
"../../../Fauna3/Content/StarterContent/Textures/T_Metal_Steel_N.uasset" 148
"../../../Fauna3/Content/StarterContent/Materials/M_Metal_Steel.uasset" 149
"../../../Fauna3/Content/StarterContent/Textures/T_Rock_Basalt_D.uasset" 150
"../../../Fauna3/Content/StarterContent/Textures/T_Rock_Basalt_N.uasset" 151
"../../../Fauna3/Content/StarterContent/Materials/M_Rock_Basalt.uasset" 152
"../../../Fauna3/Content/StarterContent/Materials/M_Rock_Marble_Polished.uasset" 153
"../../../Fauna3/Content/StarterContent/Textures/T_Rock_Sandstone_D.uasset" 154
"../../../Fauna3/Content/StarterContent/Textures/T_Rock_Sandstone_N.uasset" 155
"../../../Fauna3/Content/StarterContent/Materials/M_Rock_Sandstone.uasset" 156
"../../../Fauna3/Content/StarterContent/Textures/T_Rock_Slate_D.uasset" 157
"../../../Fauna3/Content/StarterContent/Textures/T_Rock_Slate_N.uasset" 158
"../../../Fauna3/Content/StarterContent/Materials/M_Rock_Slate.uasset" 159
"../../../Fauna3/Content/StarterContent/Textures/T_Checker_Noise_M.uasset" 160
"../../../Fauna3/Content/StarterContent/Textures/T_Single_Tile_N.uasset" 161
"../../../Fauna3/Content/StarterContent/Textures/T_Tech_Dot_M.uasset" 162
"../../../Fauna3/Content/StarterContent/Textures/T_Tech_Dot_N.uasset" 163
"../../../Fauna3/Content/StarterContent/Materials/M_Tech_Checker_Dot.uasset" 164
"../../../Fauna3/Content/StarterContent/Textures/T_Tech_Hex_Tile_M.uasset" 165
"../../../Fauna3/Content/StarterContent/Textures/T_Tech_Hex_Tile_N.uasset" 166
"../../../Fauna3/Content/StarterContent/Materials/M_Tech_Hex_Tile.uasset" 167
"../../../Fauna3/Content/StarterContent/Materials/M_Tech_Hex_Tile_Pulse.uasset" 168
"../../../Fauna3/Content/StarterContent/Textures/T_Tech_Panel_M.uasset" 169
"../../../Fauna3/Content/StarterContent/Textures/T_Tech_Panel_N.uasset" 170
"../../../Fauna3/Content/StarterContent/Materials/M_Tech_Panel.uasset" 171
"../../../Fauna3/Content/StarterContent/Materials/M_Water_Lake.uasset" 172
"../../../Fauna3/Content/StarterContent/Textures/T_Water_M.uasset" 173
"../../../Fauna3/Content/StarterContent/Materials/M_Water_Ocean.uasset" 174
"../../../Fauna3/Content/StarterContent/Textures/T_Wood_Floor_Walnut_D.uasset" 175
"../../../Fauna3/Content/StarterContent/Textures/T_Wood_Floor_Walnut_M.uasset" 176
"../../../Fauna3/Content/StarterContent/Textures/T_Wood_Floor_Walnut_N.uasset" 177
"../../../Fauna3/Content/StarterContent/Materials/M_Wood_Floor_Walnut_Polished.uasset" 178
"../../../Engine/Content/Functions/Engine_MaterialFunctions01/Opacity/AlphaOffset.uasset" 179
"../../../Fauna3/Content/StarterContent/Materials/M_Wood_Floor_Walnut_Worn.uasset" 180
"../../../Fauna3/Content/StarterContent/Textures/T_Wood_Oak_D.uasset" 181
"../../../Fauna3/Content/StarterContent/Textures/T_Wood_Oak_N.uasset" 182
"../../../Fauna3/Content/StarterContent/Materials/M_Wood_Oak.uasset" 183
"../../../Fauna3/Content/StarterContent/Textures/T_Wood_Pine_D.uasset" 184
"../../../Fauna3/Content/StarterContent/Textures/T_Wood_Pine_N.uasset" 185
"../../../Fauna3/Content/StarterContent/Materials/M_Wood_Pine.uasset" 186
"../../../Fauna3/Content/StarterContent/Textures/T_Wood_Walnut_D.uasset" 187
"../../../Fauna3/Content/StarterContent/Textures/T_Wood_Walnut_N.uasset" 188
"../../../Fauna3/Content/StarterContent/Materials/M_Wood_Walnut.uasset" 189
"../../../Fauna3/Content/StarterContent/Textures/T_Chair_M.uasset" 190
"../../../Fauna3/Content/StarterContent/Textures/T_Chair_N.uasset" 191
"../../../Fauna3/Content/StarterContent/Props/Materials/M_Chair.uasset" 192
"../../../Fauna3/Content/StarterContent/Materials/M_Basic_Floor.uasset" 193
"../../../Fauna3/Content/StarterContent/Architecture/Floor_400x400.uasset" 194
"../../../Fauna3/Content/StarterContent/Materials/M_Basic_Wall.uasset" 195
"../../../Fauna3/Content/StarterContent/Architecture/Wall_400x200.uasset" 196
"../../../Fauna3/Content/StarterContent/Architecture/Wall_Door_400x300.uasset" 197
"../../../Fauna3/Content/StarterContent/Architecture/Wall_Window_400x300.uasset" 198
"../../../Fauna3/Content/StarterContent/Audio/Collapse01.uasset" 199
"../../../Fauna3/Content/StarterContent/Audio/Collapse02.uasset" 200
"../../../Fauna3/Content/StarterContent/Audio/Collapse_Cue.uasset" 201
"../../../Fauna3/Content/StarterContent/Audio/Starter_Birds01.uasset" 202
"../../../Fauna3/Content/StarterContent/Audio/Starter_Wind05.uasset" 203
"../../../Fauna3/Content/StarterContent/Audio/Starter_Wind06.uasset" 204
"../../../Fauna3/Content/StarterContent/Audio/Starter_Background_Cue.uasset" 205
"../../../Fauna3/Content/StarterContent/Audio/Starter_Music01.uasset" 206
"../../../Fauna3/Content/StarterContent/Audio/Starter_Music_Cue.uasset" 207
"../../../Fauna3/Content/StarterContent/Textures/T_Dust_Particle_D.uasset" 208
"../../../Fauna3/Content/StarterContent/Particles/Materials/M_Dust_Particle.uasset" 209
"../../../Fauna3/Content/StarterContent/Particles/P_Ambient_Dust.uasset" 210
"../../../Fauna3/Content/StarterContent/Props/MaterialSphere.uasset" 211
"../../../Fauna3/Content/StarterContent/Props/SM_Chair.uasset" 212
"../../../Fauna3/Content/StarterContent/Textures/T_Frame_M.uasset" 213
"../../../Fauna3/Content/StarterContent/Textures/T_Frame_N.uasset" 214
"../../../Fauna3/Content/StarterContent/Props/Materials/M_Frame.uasset" 215
"../../../Fauna3/Content/StarterContent/Props/SM_CornerFrame.uasset" 216
"../../../Fauna3/Content/StarterContent/Props/SM_DoorFrame.uasset" 217
"../../../Fauna3/Content/StarterContent/Materials/M_Glass.uasset" 218
"../../../Fauna3/Content/StarterContent/Props/SM_GlassWindow.uasset" 219
"../../../Fauna3/Content/StarterContent/Props/SM_PillarFrame.uasset" 220
"../../../Fauna3/Content/StarterContent/Props/SM_PillarFrame300.uasset" 221
"../../../Fauna3/Content/StarterContent/Textures/T_Statue_M.uasset" 222
"../../../Fauna3/Content/StarterContent/Textures/T_Statue_N.uasset" 223
"../../../Fauna3/Content/StarterContent/Props/Materials/M_Statue.uasset" 224
"../../../Fauna3/Content/StarterContent/Props/Materials/M_StatueGlass.uasset" 225
"../../../Fauna3/Content/StarterContent/Props/SM_Statue.uasset" 226
"../../../Fauna3/Content/StarterContent/Textures/T_TableRound_M.uasset" 227
"../../../Fauna3/Content/StarterContent/Textures/T_TableRound_N.uasset" 228
"../../../Fauna3/Content/StarterContent/Props/Materials/M_TableRound.uasset" 229
"../../../Fauna3/Content/StarterContent/Props/SM_TableRound.uasset" 230
"../../../Fauna3/Content/StarterContent/Props/SM_WindowFrame.uasset" 231
"../../../Fauna3/Content/StarterContent/Shapes/Shape_Cube.uasset" 232
"../../../Fauna3/Content/StarterContent/Shapes/Shape_QuadPyramid.uasset" 233
"../../../Fauna3/Content/StarterContent/Shapes/Shape_Sphere.uasset" 234
"../../../Fauna3/Content/StarterContent/Maps/StarterMap.umap" 235
"../../../Engine/Content/EngineMaterials/DefaultMaterial.uasset" 236
"../../../Engine/Content/EngineMaterials/DefaultDiffuse.uasset" 237
"../../../Engine/Content/EngineMaterials/DefaultNormal.uasset" 238
"../../../Engine/Content/Maps/Entry.umap" 239
"../../../Engine/Content/Functions/MaterialLayerFunctions/MatLayerBlend_NormalBlend.uasset" 240
"../../../Engine/Content/Functions/MaterialLayerFunctions/MatLayerBlend_Simple.uasset" 241
"../../../Fauna3/Content/FirstPerson/Character/Materials/MaterialLayers/T_ML_Rubber_Blue_01_D.uasset" 242
"../../../Fauna3/Content/FirstPerson/Character/Materials/MaterialLayers/T_ML_Rubber_Blue_01_N.uasset" 243
"../../../Fauna3/Content/FirstPerson/Character/Materials/MaterialLayers/ML_GlossyBlack_Latex_UE4.uasset" 244
"../../../Fauna3/Content/FirstPerson/Character/Materials/MaterialLayers/ML_Plastic_Shiny_Beige.uasset" 245
"../../../Fauna3/Content/FirstPerson/Character/Textures/UE4_LOGO_CARD.uasset" 246
"../../../Fauna3/Content/FirstPerson/Character/Materials/MaterialLayers/ML_Plastic_Shiny_Beige_LOGO.uasset" 247
"../../../Fauna3/Content/FirstPerson/Character/Materials/MaterialLayers/T_ML_Aluminum01.uasset" 248
"../../../Fauna3/Content/FirstPerson/Character/Materials/MaterialLayers/T_ML_Aluminum01_N.uasset" 249
"../../../Fauna3/Content/FirstPerson/Character/Materials/MaterialLayers/ML_SoftMetal_UE4.uasset" 250
"../../../Fauna3/Content/FirstPerson/Character/Textures/UE4_Mannequin__normals.uasset" 251
"../../../Fauna3/Content/FirstPerson/Character/Textures/UE4_Mannequin_MAT_MASKA.uasset" 252
"../../../Fauna3/Content/FirstPerson/Character/Materials/M_UE4Man_Body.uasset" 253
"../../../Fauna3/Content/FirstPerson/Character/Mesh/SK_Mannequin_Arms_PhysicsAsset.uasset" 254
"../../../Fauna3/Content/FirstPerson/Character/Mesh/SK_Mannequin_Arms.uasset" 255
"../../../Fauna3/Content/FirstPerson/Character/Mesh/SK_Mannequin_Arms_Skeleton.uasset" 256
"../../../Fauna3/Content/FirstPerson/Animations/FirstPerson_Idle.uasset" 257
"../../../Fauna3/Content/FirstPerson/Animations/FirstPerson_JumpEnd.uasset" 258
"../../../Fauna3/Content/FirstPerson/Animations/FirstPerson_JumpLoop.uasset" 259
"../../../Fauna3/Content/FirstPerson/Animations/FirstPerson_JumpStart.uasset" 260
"../../../Fauna3/Content/FirstPerson/Animations/FirstPerson_Run.uasset" 261
"../../../Fauna3/Content/FirstPerson/Animations/FirstPerson_AnimBP.uasset" 262
"../../../Fauna3/Content/FirstPerson/Animations/FirstPerson_Fire.uasset" 263
"../../../Fauna3/Content/FirstPerson/Animations/FirstPersonFire_Montage.uasset" 264
"../../../Engine/Content/BasicShapes/BasicShapeMaterial.uasset" 265
"../../../Engine/Content/BasicShapes/Sphere.uasset" 266
"../../../Fauna3/Content/Blueprints/Actor/Items/MasterItem_Actor.uasset" 267
"../../../Fauna3/Content/Blueprints/Actor/MasterItem_Actor.uasset" 268
"../../../Fauna3/Content/Blueprints/Actor/Items/Armor/Armor_S.uasset" 269
"../../../Fauna3/Content/Blueprints/Actor/Items/Armor/Armor_Master.uasset" 270
"../../../Fauna3/Content/Blueprints/Actor/Items/Armor/Helmet/Helmet_Master.uasset" 271
"../../../Fauna3/Content/Blueprints/Actor/Items/ItemCategory.uasset" 272
"../../../Fauna3/Content/Blueprints/Actor/Items/Item.uasset" 273
"../../../Fauna3/Content/Blueprints/Actor/Items/IInventory.uasset" 274
"../../../Fauna3/Content/Blueprints/Actor/Items/Item_Actor.uasset" 275
"../../../Fauna3/Content/Blueprints/Actor/Items/InventoryItem.uasset" 276
"../../../Fauna3/Content/Blueprints/Actor/Items/Inventory_Component.uasset" 277
"../../../Fauna3/Content/Blueprints/Actor/Items/Misc/Misc_Master.uasset" 278
"../../../Fauna3/Content/Blueprints/Actor/Items/Misc/Consumable/Consumable_S.uasset" 279
"../../../Fauna3/Content/Blueprints/Actor/Items/Misc/Consumable/Consumable_Master.uasset" 280
"../../../Fauna3/Content/Blueprints/Actor/Items/Misc/Material/Material_S.uasset" 281
"../../../Fauna3/Content/Blueprints/Actor/Items/Misc/Material/Material_Master.uasset" 282
"../../../Fauna3/Content/Blueprints/Actor/Items/Misc/Quest/Quest_S.uasset" 283
"../../../Fauna3/Content/Blueprints/Actor/Items/Misc/Quest/Quest_Master.uasset" 284
"../../../Fauna3/Content/Blueprints/Actor/Items/Weapons/Weapon_S.uasset" 285
"../../../Fauna3/Content/Blueprints/Actor/Items/Weapons/Weapon_Master.uasset" 286
"../../../Fauna3/Content/FirstPerson/Meshes/BaseMaterial.uasset" 287
"../../../Fauna3/Content/FirstPerson/Meshes/FirstPersonProjectileMaterial.uasset" 288
"../../../Fauna3/Content/FirstPerson/Meshes/FirstPersonProjectileMesh.uasset" 289
"../../../Fauna3/Content/Blueprints/FirstPersonProjectile.uasset" 290
"../../../Fauna3/Content/Assets/Models/Misc/Crate/Crate_SPEC02.uasset" 291
"../../../Fauna3/Content/Assets/Textures/WhiteSquare.uasset" 292
"../../../Fauna3/Content/UMG/InventorySlot.uasset" 293
"../../../Fauna3/Content/Blueprints/GUI/Inventory/InventoryMain_W.uasset" 294
"../../../Fauna3/Content/FirstPerson/Textures/FirstPersonCrosshair.uasset" 295
"../../../Fauna3/Content/Blueprints/HUD/FirstPersonHUD.uasset" 296
"../../../Fauna3/Content/Blueprints/MyInterface.uasset" 297
"../../../Fauna3/Content/UMG/HUD_State.uasset" 298
"../../../Fauna3/Content/Blueprints/GUI/Inventory/ToolTip_ArmorW.uasset" 299
"../../../Fauna3/Content/Assets/Sounds/HardClick.uasset" 300
"../../../Fauna3/Content/Assets/Sounds/clickHard.uasset" 301
"../../../Fauna3/Content/Assets/Sounds/SoftClick.uasset" 302
"../../../Fauna3/Content/Assets/Sounds/clickSoft.uasset" 303
"../../../Fauna3/Content/Blueprints/GUI/Inventory/InventorySlot2.uasset" 304
"../../../Fauna3/Content/Blueprints/GUI/Inventory/ToolTip_WeaponW.uasset" 305
"../../../Fauna3/Content/Blueprints/GUI/Inventory/InventorySlot3.uasset" 306
"../../../Fauna3/Content/Assets/Textures/Background.uasset" 307
"../../../Fauna3/Content/Blueprints/GUI/Inventory/Menu_GUI.uasset" 308
"../../../Fauna3/Content/Blueprints/InventoryStruct.uasset" 309
"../../../Fauna3/Content/FirstPerson/Audio/FirstPersonTemplateWeaponFire02.uasset" 310
"../../../Fauna3/Content/FirstPerson/FPWeapon/Materials/MaterialLayers/T_ML_Rubber_Blue_01_D.uasset" 311
"../../../Fauna3/Content/FirstPerson/FPWeapon/Materials/MaterialLayers/T_ML_Rubber_Blue_01_N.uasset" 312
"../../../Fauna3/Content/FirstPerson/FPWeapon/Materials/MaterialLayers/ML_GlossyBlack_Latex_UE4.uasset" 313
"../../../Fauna3/Content/FirstPerson/FPWeapon/Materials/MaterialLayers/ML_Plastic_Shiny_Beige.uasset" 314
"../../../Fauna3/Content/FirstPerson/FPWeapon/Materials/MaterialLayers/ML_Screen.uasset" 315
"../../../Fauna3/Content/FirstPerson/FPWeapon/Materials/MaterialLayers/T_ML_Aluminum01.uasset" 316
"../../../Fauna3/Content/FirstPerson/FPWeapon/Materials/MaterialLayers/T_ML_Aluminum01_N.uasset" 317
"../../../Fauna3/Content/FirstPerson/FPWeapon/Materials/MaterialLayers/ML_SoftMetal_UE4.uasset" 318
"../../../Fauna3/Content/FirstPerson/FPWeapon/Textures/T_FPGun_M.uasset" 319
"../../../Fauna3/Content/FirstPerson/FPWeapon/Textures/T_FPGun_N.uasset" 320
"../../../Fauna3/Content/FirstPerson/FPWeapon/Materials/M_FPGun.uasset" 321
"../../../Fauna3/Content/FirstPerson/FPWeapon/Mesh/SK_FPGun_Skeleton.uasset" 322
"../../../Fauna3/Content/FirstPerson/FPWeapon/Mesh/SK_FPGun.uasset" 323
"../../../Fauna3/Content/Blueprints/ActionInterface.uasset" 324
"../../../Fauna3/Content/UMG/GameHUD.uasset" 325
"../../../Fauna3/Content/Blueprints/FirstPersonCharacter.uasset" 326
"../../../Fauna3/Content/Blueprints/Actor/Items/Armor/Chest/Chest_Master.uasset" 327
"../../../Fauna3/Content/Assets/Models/Misc/Crate/Crate_Diffuse_COLOR.uasset" 328
"../../../Fauna3/Content/Blueprints/Actor/Items/Armor/Chest/Chests/BasicShirt.uasset" 329
"../../../Fauna3/Content/Blueprints/Actor/Items/Armor/Glove/Glove_Master.uasset" 330
"../../../Fauna3/Content/FirstPersonBP/Textures/ConeThumbnail.uasset" 331
"../../../Fauna3/Content/Blueprints/Actor/Items/Armor/Glove/Gloves/LeatherGloves.uasset" 332
"../../../Fauna3/Content/Assets/Models/Misc/Crate/Crate_NRM.uasset" 333
"../../../Fauna3/Content/Blueprints/Actor/Items/Armor/Helmet/Helmets/BasicHelmet.uasset" 334
"../../../Fauna3/Content/Blueprints/Actor/Items/Armor/Helmet/Helmets/Mask.uasset" 335
"../../../Fauna3/Content/FirstPersonBP/Maps/dirt_mask.uasset" 336
"../../../Fauna3/Content/Blueprints/Actor/Items/Armor/Helmet/Helmets/PartyHat.uasset" 337
"../../../Fauna3/Content/Blueprints/Actor/Items/Weapons/PrimaryWeapon/Primary_Master.uasset" 338
"../../../Fauna3/Content/Blueprints/Actor/Items/Weapons/PrimaryWeapon/ShortSword.uasset" 339
"../../../Fauna3/Content/Blueprints/Actor/Items/Weapons/SecondaryWeapon/Secondary_Master.uasset" 340
"../../../Fauna3/Content/Blueprints/Actor/Items/Weapons/SecondaryWeapon/Bow.uasset" 341
"../../../Fauna3/Content/Assets/Models/norm.uasset" 342
"../../../Fauna3/Content/Assets/Models/PointedRock3k3.uasset" 343
"../../../Fauna3/Content/Assets/Models/PointedRock3k_OCC.uasset" 344
"../../../Fauna3/Content/Assets/Models/PointedRock3k_SPEC.uasset" 345
"../../../Fauna3/Content/Assets/Models/PointedRock3k2.uasset" 346
"../../../Fauna3/Content/FirstPersonBP/Maps/ao.uasset" 347
"../../../Fauna3/Content/FirstPersonBP/Maps/grass_mask.uasset" 348
"../../../Fauna3/Content/FirstPersonBP/Maps/Grass_RMHAO.uasset" 349
"../../../Fauna3/Content/FirstPersonBP/Maps/Ground_LargeScaleGrass_2k_alb.uasset" 350
"../../../Fauna3/Content/FirstPersonBP/Maps/Ground_MountainTerrain_2k_alb.uasset" 351
"../../../Fauna3/Content/FirstPersonBP/Maps/Ground_SVGrockFace2_2k_alb.uasset" 352
"../../../Fauna3/Content/FirstPersonBP/Maps/Overlay1.uasset" 353
"../../../Fauna3/Content/FirstPersonBP/Maps/rock_mask.uasset" 354
"../../../Fauna3/Content/FirstPersonBP/Maps/RockFace_RMHAO.uasset" 355
"../../../Fauna3/Content/FirstPersonBP/Maps/snow.uasset" 356
"../../../Fauna3/Content/FirstPersonBP/Maps/Snow_Mask.uasset" 357
"../../../Fauna3/Content/FirstPersonBP/Maps/Landscape_M.uasset" 358
"../../../Engine/Content/EngineMaterials/DefaultPhysicalMaterial.uasset" 359
"../../../Fauna3/Content/Assets/Models/Plants/ThickGrass_Med_Atlas_Normal_Tex.uasset" 360
"../../../Fauna3/Content/Assets/Models/Plants/ThickGrass_Med_Atlas_Tex.uasset" 361
"../../../Fauna3/Content/Assets/Models/Plants/ThickGrass_Med_Fronds_Mat.uasset" 362
"../../../Fauna3/Content/Assets/Models/Plants/ThickGrass_Med.uasset" 363
"../../../Fauna3/Content/Assets/Models/PointedRock3kM.uasset" 364
"../../../Fauna3/Content/Assets/Models/Rocky/Rocky1-CV_u0_v0.uasset" 365
"../../../Fauna3/Content/Assets/Models/Rocky/Rocky1-NM_u0_v0.uasset" 366
"../../../Fauna3/Content/Assets/Models/Rocky/Rocky1-TM_u0_v0.uasset" 367
"../../../Fauna3/Content/Assets/Models/Rocky/Rocky1-AO_u0_v0.uasset" 368
"../../../Fauna3/Content/Assets/Models/Rocky/lambert2SG.uasset" 369
"../../../Fauna3/Content/Assets/Models/Rocky/Rocky_Maya.uasset" 370
"../../../Fauna3/Content/Assets/Models/StumpLow2.uasset" 371
"../../../Fauna3/Content/Assets/Models/StumpLow.uasset" 372
"../../../Fauna3/Content/Assets/Models/StumpLowM.uasset" 373
"../../../Fauna3/Content/Assets/Models/Trees/EuropeanAspen/EuropeanAspen_Fall_High_Atlas_Normal_Tex.uasset" 374
"../../../Fauna3/Content/Assets/Models/Trees/EuropeanAspen/EuropeanAspen_Fall_High_Atlas_Tex.uasset" 375
"../../../Fauna3/Content/Assets/Models/Trees/EuropeanAspen/EuropeanAspenBark_Normal_Tex.uasset" 376
"../../../Fauna3/Content/Assets/Models/Trees/EuropeanAspen/EuropeanAspenBark_Tex.uasset" 377
"../../../Fauna3/Content/Assets/Models/Trees/EuropeanAspen/EuropeanAspen_Fall_High_srt_Branches_2_Mat.uasset" 378
"../../../Fauna3/Content/Assets/Models/Trees/EuropeanAspen/EuropeanAspen_Fall_High_srt_Branches_Mat.uasset" 379
"../../../Fauna3/Content/Assets/Models/Trees/EuropeanAspen/EuropeanAspen_Fall_High_srt_Fronds_Mat.uasset" 380
"../../../Engine/Content/Functions/Engine_MaterialFunctions01/SpeedTree/SpeedTreeColorVariation.uasset" 381
"../../../Fauna3/Content/Assets/Models/Trees/EuropeanAspen/EuropeanAspen_Fall_High_srt_Leaves_Mat.uasset" 382
"../../../Fauna3/Content/Assets/Models/Trees/EuropeanAspen/EuropeanAspen_Fall_High_srt.uasset" 383
"../../../Fauna3/Content/Assets/Models/Trees/GreenAsh/GreenAshBark_Normal_Tex.uasset" 384
"../../../Fauna3/Content/Assets/Models/Trees/GreenAsh/GreenAshBark_Tex.uasset" 385
"../../../Fauna3/Content/Assets/Models/Trees/GreenAsh/GreenAsh_Med_Branches_2_Mat.uasset" 386
"../../../Fauna3/Content/Assets/Models/Trees/GreenAsh/GreenAsh_Med_Branches_Mat.uasset" 387
"../../../Fauna3/Content/Assets/Models/Trees/GreenAsh/GreenAsh_Med_Atlas_Normal_Tex.uasset" 388
"../../../Fauna3/Content/Assets/Models/Trees/GreenAsh/GreenAsh_Med_Atlas_Tex.uasset" 389
"../../../Fauna3/Content/Assets/Models/Trees/GreenAsh/GreenAsh_Med_Fronds_Mat.uasset" 390
"../../../Fauna3/Content/Assets/Models/Trees/GreenAsh/GreenAsh_Med_Leaves_Mat.uasset" 391
"../../../Fauna3/Content/Assets/Models/Trees/GreenAsh/GreenAsh_Med.uasset" 392
"../../../Fauna3/Content/Assets/Models/Trees/MoutainMaple/Detail_MossBase_02_Tex.uasset" 393
"../../../Fauna3/Content/Assets/Models/Trees/MoutainMaple/MountainMapleBark_Normal_Tex.uasset" 394
"../../../Fauna3/Content/Assets/Models/Trees/MoutainMaple/MountainMapleBark_Tex.uasset" 395
"../../../Fauna3/Content/Assets/Models/Trees/MoutainMaple/MountainMaple_Fall_Med_Branches_2_Mat.uasset" 396
"../../../Fauna3/Content/Assets/Models/Trees/MoutainMaple/MountainMaple_Fall_Med_Branches_Mat.uasset" 397
"../../../Fauna3/Content/Assets/Models/Trees/MoutainMaple/MountainMaple_Fall_Med_Atlas_Normal_Tex.uasset" 398
"../../../Fauna3/Content/Assets/Models/Trees/MoutainMaple/MountainMaple_Fall_Med_Atlas_Tex.uasset" 399
"../../../Fauna3/Content/Assets/Models/Trees/MoutainMaple/MountainMaple_Fall_Med_Fronds_Mat.uasset" 400
"../../../Fauna3/Content/Assets/Models/Trees/MoutainMaple/MountainMaple_Fall_Med_Leaves_Mat.uasset" 401
"../../../Fauna3/Content/Assets/Models/Trees/MoutainMaple/MountainMaple_Fall_Med.uasset" 402
"../../../Fauna3/Content/Geometry/Meshes/CubeMaterial.uasset" 403
"../../../Fauna3/Content/Geometry/Meshes/1M_Cube.uasset" 404
"../../../Fauna3/Content/FirstPersonBP/Maps/FirstPersonExampleMap.umap" 405
"../../../Engine/Content/EngineFonts/Roboto.uasset" 406
"../../../Engine/Content/Functions/Engine_MaterialFunctions01/Shading/PowerToRoughness.uasset" 407
"../../../Engine/Content/Functions/Engine_MaterialFunctions01/Shading/ConvertFromDiffSpec.uasset" 408
"../../../Engine/Content/EngineMaterials/DefaultDeferredDecalMaterial.uasset" 409
"../../../Engine/Content/EngineMaterials/DefaultLightFunctionMaterial.uasset" 410
"../../../Engine/Content/Functions/Engine_MaterialFunctions02/Utility/BreakOutFloat2Components.uasset" 411
"../../../Engine/Content/EngineMaterials/DefaultPostProcessMaterial.uasset" 412
"../../../Engine/Content/EngineResources/DefaultTexture.uasset" 413
"../../../Engine/Content/Functions/Engine_MaterialFunctions02/Texturing/ScreenAlignedUVs.uasset" 414
"../../../Engine/Content/EngineResources/WhiteSquareTexture.uasset" 415
"../../../Engine/Content/EngineMaterials/Widget3DPassThrough.uasset" 416
"../../../Engine/Content/EngineMaterials/Widget3DPassThrough_Translucent.uasset" 417
"../../../Engine/Content/EngineMaterials/Widget3DPassThrough_Translucent_OneSided.uasset" 418
"../../../Engine/Content/EngineMaterials/Widget3DPassThrough_Opaque.uasset" 419
"../../../Engine/Content/EngineMaterials/Widget3DPassThrough_Opaque_OneSided.uasset" 420
"../../../Engine/Content/EngineMaterials/Widget3DPassThrough_Masked.uasset" 421
"../../../Engine/Content/EngineMaterials/Widget3DPassThrough_Masked_OneSided.uasset" 422
"../../../Engine/Content/EditorResources/S_Actor.uasset" 423
"../../../Engine/Content/Maps/Templates/Thumbnails/Default.uasset" 424
"../../../Engine/Content/EditorMaterials/ParticleSystems/PSysThumbnail_NoImage.uasset" 425
"../../../Engine/Content/EditorMaterials/ParticleSystems/PSysThumbnail_OOD.uasset" 426
"../../../Engine/Content/EditorLandscapeResources/DataLayer.uasset" 427
"../../../Engine/Content/EngineDamageTypes/DmgTypeBP_Environmental.uasset" 428
"../../../Engine/Content/EngineMeshes/Sphere.uasset" 429
"../../../Engine/Content/EngineMaterials/DefaultTextMaterialOpaque.uasset" 430
"../../../Engine/Content/EditorResources/S_Trigger.uasset" 431
"../../../Engine/Content/EngineResources/GradientTexture0.uasset" 432
"../../../Engine/Content/EngineResources/Black.uasset" 433
"../../../Engine/Content/EditorMaterials/MatineeGroups/MAT_Groups_Float.uasset" 434
"../../../Engine/Content/EditorMaterials/MatineeGroups/MAT_Groups_Director.uasset" 435
"../../../Engine/Content/EditorMaterials/MatineeGroups/MAT_Groups_Event.uasset" 436
"../../../Engine/Content/EditorMaterials/MatineeGroups/MAT_Groups_Anim.uasset" 437
"../../../Engine/Content/EditorMaterials/MatineeGroups/MAT_Groups_Fade.uasset" 438
"../../../Engine/Content/EditorMaterials/MatineeGroups/MAT_Groups_Move.uasset" 439
"../../../Engine/Content/EditorMaterials/MatineeGroups/MAT_Groups_Slomo.uasset" 440
"../../../Engine/Content/EditorMaterials/MatineeGroups/MAT_ColorTrack.uasset" 441
"../../../Engine/Content/EditorMaterials/MAT_Groups_Toggle.uasset" 442
"../../../Engine/Content/EditorMaterials/MatineeGroups/MAT_Groups_AudioMaster.uasset" 443
"../../../Engine/Content/EditorMaterials/MatineeGroups/MAT_Groups_Sound.uasset" 444
"../../../Engine/Content/EditorMaterials/MatineeGroups/MAT_Groups_Vector.uasset" 445
"../../../Engine/Content/EditorMaterials/MAT_Groups_Visibility.uasset" 446
"../../../Engine/Content/EngineResources/DefaultTextureCube.uasset" 447
"../../../Engine/Content/EngineMeshes/Cylinder.uasset" 448
"../../../Engine/Content/EngineTireTypes/DefaultTireType.uasset" 449
"../../../Engine/Content/EngineResources/AICON-Red.uasset" 450
"../../../Engine/Content/EngineResources/AICON-Green.uasset" 451
"../../../Engine/Content/Tutorial/Basics/LevelEditorAttract.uasset" 452
"../../../Engine/Content/Tutorial/ContentIntroCurve.uasset" 453
"../../../Engine/Plugins/2D/Paper2D/Content/PlaceholderTextures/DummySpriteTexture.uasset" 454
"../../../Engine/Plugins/2D/Paper2D/Content/DefaultSpriteMaterial.uasset" 455
"../../../Engine/Plugins/2D/Paper2D/Content/MaskedUnlitSpriteMaterial.uasset" 456
"../../../Engine/Plugins/2D/Paper2D/Content/OpaqueUnlitSpriteMaterial.uasset" 457
"../../../Engine/Plugins/2D/Paper2D/Content/DummySpriteTexture.uasset" 458
"../../../Engine/Plugins/2D/Paper2D/Content/DummySprite.uasset" 459
"../../../Engine/Plugins/2D/Paper2D/Content/DefaultPaperTerrainMaterial.uasset" 460
"../../../Engine/Plugins/Runtime/LeapMotionController/Content/LM_CapsuleMesh.uasset" 461
"../../../Engine/Plugins/Runtime/LeapMotionController/Content/LM_TorusMesh.uasset" 462
"../../../Engine/Plugins/Runtime/LeapMotionController/Content/LM_HandColor.uasset" 463
"../../../Engine/Plugins/Runtime/LeapMotionController/Content/LM_SampleDistortion.uasset" 464
"../../../Engine/Plugins/Runtime/LeapMotionController/Content/LM_TestTexture.uasset" 465
"../../../Engine/Plugins/Runtime/LeapMotionController/Content/LM_PassthroughMaterial.uasset" 466
"../../../Engine/Content/BasicShapes/Cube.uasset" 467
"../../../Engine/Content/EngineMaterials/RemoveSurfaceMaterial.uasset" 468
"../../../Engine/Content/EngineDebugMaterials/DebugMeshMaterial.uasset" 469
"../../../Engine/Content/EngineMaterials/InvalidLightmapSettings.uasset" 470
"../../../Engine/Content/EngineMaterials/M_InvalidLightmapSettings.uasset" 471
"../../../Engine/Content/EditorMaterials/GizmoMaterial.uasset" 472
"../../../Engine/Content/EngineMaterials/Good64x64TilingNoiseHighFreq.uasset" 473
"../../../Engine/Content/EngineMaterials/DefaultBokeh.uasset" 474
"../../../Engine/Content/EngineMaterials/PreintegratedSkinBRDF.uasset" 475
"../../../Engine/Content/EngineMaterials/MiniFont.uasset" 476
"../../../Engine/Content/EngineMaterials/WeightMapPlaceholderTexture.uasset" 477
"../../../Engine/Content/EngineMaterials/DefaultWhiteGrid.uasset" 478
"../../../Engine/Content/EngineFonts/RobotoTiny.uasset" 479
"../../../Fauna3/Content/StarterContent/Shapes/Shape_NarrowCapsule.uasset" 480
"../../../Fauna3/Content/StarterContent/Shapes/Shape_Pipe.uasset" 481
"../../../Fauna3/Content/StarterContent/Shapes/Shape_Pipe_180.uasset" 482
"../../../Fauna3/Content/StarterContent/Shapes/Shape_Pipe_90.uasset" 483
"../../../Fauna3/Content/StarterContent/Shapes/Shape_Plane.uasset" 484
"../../../Fauna3/Content/StarterContent/Shapes/Shape_Torus.uasset" 485
"../../../Fauna3/Content/StarterContent/Shapes/Shape_Trim.uasset" 486
"../../../Fauna3/Content/StarterContent/Shapes/Shape_Trim_90_In.uasset" 487
"../../../Engine/Content/EditorResources/EmptyActor.uasset" 488
"../../../Fauna3/Content/Blueprints/FirstPersonGameMode.uasset" 489
"../../../Engine/Content/MobileResources/HUD/AnalogHat.uasset" 490
"../../../Engine/Content/MobileResources/HUD/VirtualJoystick_Background.uasset" 491
"../../../Engine/Content/MobileResources/HUD/VirtualJoystick_Thumb.uasset" 492
"../../../Engine/Content/MobileResources/HUD/DefaultVirtualJoysticks.uasset" 493
"../../../Engine/Content/MobileResources/HUD/MobileHUDDirectionPad3.uasset" 494
"../../../Fauna3/Content/StarterContent/Shapes/Shape_Cone.uasset" 495
"../../../Fauna3/Content/StarterContent/Shapes/Shape_Cylinder.uasset" 496
"../../../Fauna3/Content/Assets/Materials/Health_M.uasset" 497
"../../../Fauna3/Content/Assets/Materials/Hunger_M.uasset" 498
"../../../Fauna3/Content/Testing/InventoryPrototype.uasset" 499
"../../../Fauna3/Content/UMG/PickupText.uasset" 500
"../../../Fauna3/Content/FirstPersonBP/Textures/SphereThumbnail.uasset" 501
"../../../Fauna3/Content/StarterContent/Audio/Light01.uasset" 502
"../../../Fauna3/Content/StarterContent/Audio/Light01_Cue.uasset" 503
"../../../Fauna3/Content/FirstPersonBP/Maps/FirstPersonExampleMap_sharedassets/None_LayerInfo.uasset" 504
"../../../Engine/Content/MobileResources/HUD/MobileHUDDirectionPad2.uasset" 505
"../../../Engine/Content/MobileResources/T_MobileMenu2.uasset" 506
"../../../Fauna3/Content/Assets/Materials/Hydration_M.uasset" 507
"../../../Fauna3/Content/FirstPerson/Meshes/CubeMaterialOverride.uasset" 508
"../../../Fauna3/Content/FirstPersonBP/FirstPersonOverview.uasset" 509
"../../../Fauna3/Content/Assets/Models/Misc/Crate/crateBase_polySurface2Mat.uasset" 510
"../../../Fauna3/Content/Assets/Models/Misc/Crate/CRATE.uasset" 511
"../../../Fauna3/Content/FirstPerson/FPWeapon/Mesh/SK_FPGun_PhysicsAsset.uasset" 512
"../../../Engine/Content/MobileResources/HUD/MobileHUDButton1_off.uasset" 513
"../../../Engine/Content/EditorResources/AudioIcons/S_AudioComponent_AutoActivate.uasset" 514
"../../../Engine/Content/EditorResources/AudioIcons/S_AudioComponent.uasset" 515
"../../../Fauna3/Content/StarterContent/Shapes/Shape_TriPyramid.uasset" 516
"../../../Fauna3/Content/StarterContent/Shapes/Shape_Trim_90_Out.uasset" 517
"../../../Fauna3/Content/FirstPersonBP/Textures/CubeThumbnail.uasset" 518
"../../../Fauna3/Content/StarterContent/Shapes/Shape_Tube.uasset" 519
"../../../Engine/Content/MobileResources/HUD/T_Castle_ThumbstickOutter.uasset" 520
"../../../Engine/Content/MobileResources/HUD/MobileHUDButton2_on.uasset" 521
"../../../Fauna3/Content/StarterContent/Shapes/Shape_Wedge_A.uasset" 522
"../../../Fauna3/Content/FirstPerson/FPWeapon/Materials/MaterialLayers/ML_Plastic_Shiny_Beige_LOGO.uasset" 523
"../../../Fauna3/Content/FirstPerson/FPWeapon/Materials/MaterialLayers/T_ML_FineRubber.uasset" 524
"../../../Fauna3/Content/Assets/Models/RockyAgi5.uasset" 525
"../../../Fauna3/Content/Assets/Models/RockyAgi4.uasset" 526
"../../../Fauna3/Content/Assets/Models/RockyAgi.uasset" 527
"../../../Fauna3/Content/StarterContent/Shapes/Shape_Wedge_B.uasset" 528
"../../../Fauna3/Content/StarterContent/Shapes/Shape_WideCapsule.uasset" 529
"../../../Engine/Content/MobileResources/T_MobileControls_texture.uasset" 530
"../../../Engine/Content/MobileResources/HUD/MobileHUDButton3.uasset" 531
"../../../Engine/Content/EditorResources/LightIcons/S_LightError.uasset" 532
"../../../Engine/Content/MobileResources/HUD/MobileHUDDirectionPad.uasset" 533
"../../../Engine/Content/MobileResources/HUD/MobileHUDButtonFire.uasset" 534
"../../../Engine/Content/MobileResources/HUD/MobileHUDDirectionStick.uasset" 535
"../../../Engine/Content/MobileResources/HUD/LeftVirtualJoystickOnly.uasset" 536
"../../../Engine/Content/MobileResources/HUD/MobileHUDButton1_on.uasset" 537
"../../../Engine/Content/MobileResources/HUD/MobileHUDButton2_off.uasset" 538
"../../../Engine/Content/BasicShapes/Cone.uasset" 539
"../../../Engine/Content/BasicShapes/Cylinder.uasset" 540
"../../../Engine/Content/EditorMaterials/PhAT_JointLimitMaterial.uasset" 541
"../../../Engine/Content/EditorMaterials/PreviewShadowIndicator.uasset" 542
"../../../Engine/Content/EditorMaterials/PreviewShadowIndicatorMaterial.uasset" 543
"../../../Engine/Content/EditorResources/BSPVertex.uasset" 544
"../../../Engine/Content/EngineDebugMaterials/HeatmapGradient.uasset" 545
"../../../Engine/Content/EngineDebugMaterials/BoneWeightMaterial.uasset" 546
"../../../Engine/Content/EngineDebugMaterials/GeomMaterial.uasset" 547
"../../../Engine/Content/EngineMaterials/EditorBrushMaterial.uasset" 548
"../../../Engine/Content/MobileResources/HUD/T_Castle_ThumbstickInner.uasset" 549
"../../../Engine/Content/Tutorial/Basics/TutorialAssets/icon_tab_Levels_40x.uasset" 550
"../../../Engine/Content/Tutorial/Basics/LevelEditorOverview.uasset" 551
"../../../Engine/Content/Tutorial/BlueprintTutorials/TutorialAssets/Blueprint_64x.uasset" 552
"../../../Engine/Content/Tutorial/BlueprintTutorials/BlueprintEditorTutorial.uasset" 553
"../../../Engine/Content/Tutorial/BlueprintTutorials/TutorialAssets/BlueprintInterface_64x.uasset" 554
"../../../Engine/Content/Tutorial/BlueprintTutorials/TutorialAssets/Tutorial_BP_Interface.uasset" 555
"../../../Engine/Content/Tutorial/BlueprintTutorials/BlueprintInterfacesEditorOverview.uasset" 556
"../../../Engine/Content/Tutorial/BlueprintTutorials/TutorialAssets/BlueprintMacroLibrary_64x.uasset" 557
"../../../Engine/Content/Tutorial/BlueprintTutorials/TutorialAssets/Tutorial_BP_MacroLib.uasset" 558
"../../../Engine/Content/Tutorial/BlueprintTutorials/BlueprintMacroLibrariesEditorOverview.uasset" 559
"../../../Engine/Content/Tutorial/BlueprintTutorials/LevelBlueprintEditorOverview.uasset" 560
"../../../Engine/Content/Tutorial/Foliage/TutorialAssets/Foliage.uasset" 561
"../../../Engine/Content/Tutorial/Foliage/Foliage_Settings_Tutorial.uasset" 562
"../../../Engine/Content/Tutorial/Foliage/Foliage_Using_The_Tool_Tutorial.uasset" 563
"../../../Engine/Content/Tutorial/Foliage/Foliage_Intro_Tutorial.uasset" 564
"../../../Engine/Content/Tutorial/Landscape/TutorialAssets/Landscape.uasset" 565
"../../../Engine/Content/Tutorial/Landscape/Landscape_Painting_Mode.uasset" 566
"../../../Engine/Content/Tutorial/Landscape/Landscape_Sculpt_Mode.uasset" 567
"../../../Engine/Content/Tutorial/Landscape/Landscape_Manage_Mode.uasset" 568
"../../../Engine/Content/Tutorial/Paper2D/TutorialAssets/Paper2DFlipbook_TutorialIcon.uasset" 569
"../../../Engine/Content/Tutorial/Paper2D/FlipbookEditorTutorial.uasset" 570
"../../../Engine/Content/Tutorial/Paper2D/TutorialAssets/Paper2DSprite_TutorialIcon.uasset" 571
"../../../Engine/Content/Tutorial/Paper2D/SpriteEditorTutorial.uasset" 572
"../../../Engine/Content/EditorMeshes/EditorCube.uasset" 573
"../../../Engine/Content/Tutorial/SubEditors/TutorialAssets/Tutorial_DM.uasset" 574
"../../../Engine/Content/Tutorial/SubEditors/DestructibleMeshEditorTutorial.uasset" 575
"../../../Engine/Content/Tutorial/SubEditors/TutorialAssets/TutorialMaterial.uasset" 576
"../../../Engine/Content/Tutorial/SubEditors/MaterialEditorTutorial.uasset" 577
"../../../Engine/Content/Tutorial/SubEditors/TutorialAssets/T_SmokeSubUV_8X8.uasset" 578
"../../../Engine/Content/Tutorial/SubEditors/TutorialAssets/T_soft_smoke.uasset" 579
"../../../Engine/Content/Tutorial/SubEditors/TutorialAssets/M_smoke_subUV_blackbody.uasset" 580
"../../../Engine/Content/Tutorial/SubEditors/TutorialAssets/TutorialParticleSystem.uasset" 581
"../../../Engine/Content/Tutorial/SubEditors/ParticleSystemEditorTutorial.uasset" 582
"../../../Engine/Content/Tutorial/SubEditors/TutorialAssets/icon_ShowSkeletalMeshes_40x.uasset" 583
"../../../Engine/Content/Tutorial/SubEditors/TutorialAssets/Character/TutorialTPP_Mat.uasset" 584
"../../../Engine/Content/Tutorial/SubEditors/TutorialAssets/Character/TutorialTPP_PhysicsAsset.uasset" 585
"../../../Engine/Content/Tutorial/SubEditors/TutorialAssets/Character/TutorialTPP.uasset" 586
"../../../Engine/Content/Tutorial/SubEditors/TutorialAssets/Character/TutorialTPP_Skeleton.uasset" 587
"../../../Engine/Content/Tutorial/SubEditors/TutorialAssets/Character/Tutorial_Idle.uasset" 588
"../../../Engine/Content/Tutorial/SubEditors/TutorialAssets/Character/Tutorial_Walk_Fwd.uasset" 589
"../../../Engine/Content/Tutorial/SubEditors/TutorialAssets/Character/NewBlendSpace1D.uasset" 590
"../../../Engine/Content/Tutorial/SubEditors/TutorialAssets/Character/TutorialCharacter.uasset" 591
"../../../Engine/Content/Tutorial/SubEditors/TutorialAssets/Character/TutorialTPP_AnimBlueprint.uasset" 592
"../../../Engine/Content/Tutorial/SubEditors/PersonaAnimBlueprintEditorWalkthrough.uasset" 593
"../../../Engine/Content/Tutorial/SubEditors/PersonaAnimEditorWalkthrough.uasset" 594
"../../../Engine/Content/Tutorial/SubEditors/PersonaAnimEditorTutorial.uasset" 595
"../../../Engine/Content/EngineMeshes/Cube.uasset" 596
"../../../Engine/Content/Tutorial/SubEditors/StaticMeshEditorTutorial.uasset" 597
"../../../Engine/Content/Tutorial/SubEditors/TutorialAssets/icon_Editor_Preferences_General_40x.uasset" 598
"../../../Fauna3/Content/Assets/Textures/Tree_Trunk.uasset" 599
"../../../Fauna3/Content/Blueprints/CharacterStates.uasset" 600
"../../../Fauna3/Content/Blueprints/NewActorComponent.uasset" 601
"../../../Fauna3/Content/Blueprints/Actor/Items/Consumable_Item.uasset" 602
"../../../Fauna3/Content/Blueprints/Actor/Items/Equip_Item.uasset" 603
"../../../Fauna3/Content/Blueprints/Actor/Items/Armor_Equip_Item.uasset" 604
"../../../Fauna3/Content/Assets/Models/Misc/Bow/bow_norm.uasset" 605
"../../../Fauna3/Content/Blueprints/Actor/Items/helm.uasset" 606
"../../../Fauna3/Content/Blueprints/Actor/Items/helm_A.uasset" 607
"../../../Fauna3/Content/Blueprints/Actor/Items/IInventoryInHud.uasset" 608
"../../../Fauna3/Content/Blueprints/Actor/Items/InvComp.uasset" 609
"../../../Fauna3/Content/Blueprints/Actor/Items/InventoryInterface.uasset" 610
"../../../Fauna3/Content/Blueprints/Actor/Items/Material_Item.uasset" 611
"../../../Fauna3/Content/Blueprints/Actor/Items/Weapon_Equip_Item.uasset" 612
"../../../Fauna3/Content/Blueprints/Actor/Items/UI_OnItemSelected.uasset" 613
"../../../Fauna3/Content/Blueprints/Actor/Items/Armor/Boot/Boot_Master.uasset" 614
"../../../Fauna3/Content/FirstPersonBP/Maps/overlay.uasset" 615
"../../../Fauna3/Content/Blueprints/Actor/Items/Armor/Boot/Boots/BasicBoots.uasset" 616
"../../../Fauna3/Content/Blueprints/Actor/Items/Misc/Misc_S.uasset" 617
"../../../Fauna3/Content/Blueprints/GUI/Inventory/InventoryButton_W.uasset" 618
"../../../Fauna3/Content/Blueprints/GUI/Inventory/ToolTip_MiscW.uasset" 619
"../../../Fauna3/Content/Blueprints/Materials/Apple_M.uasset" 620
"../../../Fauna3/Content/Blueprints/Materials/Metal_M.uasset" 621
"../../../Fauna3/Content/Assets/Textures/InterestingDetail1.uasset" 622
"../../../Fauna3/Content/Assets/Textures/seamlessUwoodUtextureUfreeU76.uasset" 623
"../../../Fauna3/Content/Blueprints/Materials/Wood_M.uasset" 624
"../../../Fauna3/Content/FirstPersonBP/Textures/White.uasset" 625
"../../../Fauna3/Content/Geometry/Meshes/TemplateFloor.uasset" 626
"../../../Fauna3/Content/StarterContent/Architecture/Pillar_50x500.uasset" 627
"../../../Fauna3/Content/StarterContent/Architecture/Wall_400x300.uasset" 628
"../../../Fauna3/Content/StarterContent/Architecture/Wall_400x400.uasset" 629
"../../../Fauna3/Content/StarterContent/Architecture/Wall_500x500.uasset" 630
"../../../Fauna3/Content/StarterContent/Architecture/Wall_Door_400x400.uasset" 631
"../../../Fauna3/Content/StarterContent/Architecture/Wall_Window_400x400.uasset" 632
"../../../Fauna3/Content/StarterContent/Audio/Light02.uasset" 633
"../../../Fauna3/Content/StarterContent/Audio/Light02_Cue.uasset" 634
"../../../Fauna3/Content/StarterContent/Audio/Explosion01.uasset" 635
"../../../Fauna3/Content/StarterContent/Audio/Explosion02.uasset" 636
"../../../Fauna3/Content/StarterContent/Audio/Explosion_Cue.uasset" 637
"../../../Fauna3/Content/StarterContent/Textures/T_Burst_M.uasset" 638
"../../../Fauna3/Content/StarterContent/Particles/Materials/M_Burst.uasset" 639
"../../../Fauna3/Content/StarterContent/Textures/T_Explosion_SubUV.uasset" 640
"../../../Fauna3/Content/StarterContent/Particles/Materials/M_explosion_subUV.uasset" 641
"../../../Fauna3/Content/StarterContent/Particles/Materials/m_flare_01.uasset" 642
"../../../Fauna3/Content/StarterContent/Particles/Materials/M_radial_ramp.uasset" 643
"../../../Fauna3/Content/StarterContent/Particles/P_Explosion.uasset" 644
"../../../Fauna3/Content/StarterContent/Blueprints/Blueprint_Effect_Explosion.uasset" 645
"../../../Fauna3/Content/StarterContent/Materials/M_ColorGrid_LowSpec.uasset" 646
"../../../Fauna3/Content/StarterContent/Textures/T_Bush_D.uasset" 647
"../../../Fauna3/Content/StarterContent/Textures/T_Bush_N.uasset" 648
"../../../Fauna3/Content/StarterContent/Props/Materials/M_Bush.uasset" 649
"../../../Fauna3/Content/StarterContent/Props/SM_Bush.uasset" 650
"../../../Fauna3/Content/StarterContent/Props/SM_Couch.uasset" 651
"../../../Fauna3/Content/StarterContent/Textures/T_Door_M.uasset" 652
"../../../Fauna3/Content/StarterContent/Textures/T_Door_N.uasset" 653
"../../../Fauna3/Content/StarterContent/Props/Materials/M_Door.uasset" 654
"../../../Fauna3/Content/StarterContent/Props/SM_Door.uasset" 655
"../../../Fauna3/Content/StarterContent/Props/Materials/M_MaterialSphere.uasset" 656
"../../../Fauna3/Content/StarterContent/Props/Materials/M_MaterialSphere_Plain.uasset" 657
"../../../Fauna3/Content/StarterContent/Props/SM_MatPreviewMesh_02.uasset" 658
"../../../Fauna3/Content/StarterContent/Textures/T_RockMesh_M.uasset" 659
"../../../Fauna3/Content/StarterContent/Textures/T_RockMesh_N.uasset" 660
"../../../Fauna3/Content/StarterContent/Props/Materials/M_Rock.uasset" 661
"../../../Fauna3/Content/StarterContent/Props/SM_Rock.uasset" 662
"../../../Fauna3/Content/StarterContent/Textures/T_Shelf_M.uasset" 663
"../../../Fauna3/Content/StarterContent/Textures/T_Shelf_N.uasset" 664
"../../../Fauna3/Content/StarterContent/Props/Materials/M_Shelf.uasset" 665
"../../../Fauna3/Content/StarterContent/Props/SM_Shelf.uasset" 666
"../../../Fauna3/Content/StarterContent/Props/SM_Stairs.uasset" 667
